<?xml version="1.0" encoding="UTF-8"?>
<testng-results ignored="0" total="2" passed="2" failed="0" skipped="0">
  <reporter-output>
  </reporter-output>
  <suite started-at="2022-06-25T14:31:46 IST" name="Suite" finished-at="2022-06-25T14:32:32 IST" duration-ms="46368">
    <groups>
    </groups>
    <test started-at="2022-06-25T14:31:46 IST" name="Test" finished-at="2022-06-25T14:31:46 IST" duration-ms="8">
    </test> <!-- Test -->
    <test started-at="2022-06-25T14:31:46 IST" name="Project.E_Commerce" finished-at="2022-06-25T14:32:32 IST" duration-ms="46088">
      <class name="Project.E_Commerce.ProductDetails">
        <test-method is-config="true" signature="Initializebrowser()[pri:0, instance:Project.E_Commerce.ProductDetails@4ae9cfc1]" started-at="2022-06-25T14:31:46 IST" name="Initializebrowser" finished-at="2022-06-25T14:32:06 IST" duration-ms="19457" status="PASS">
          <reporter-output>
          </reporter-output>
        </test-method> <!-- Initializebrowser -->
        <test-method signature="addProductToCheckout(java.lang.String,java.lang.String,java.lang.String,java.lang.String,java.lang.String,java.lang.String,java.lang.String,java.lang.String,java.lang.String)[pri:0, instance:Project.E_Commerce.ProductDetails@4ae9cfc1]" started-at="2022-06-25T14:32:06 IST" name="addProductToCheckout" finished-at="2022-06-25T14:32:22 IST" duration-ms="16274" status="PASS">
          <params>
            <param index="0">
              <value>
                <![CDATA[8122168871]]>
              </value>
            </param>
            <param index="1">
              <value>
                <![CDATA[Intel@123]]>
              </value>
            </param>
            <param index="2">
              <value>
                <![CDATA[iPhone 12]]>
              </value>
            </param>
            <param index="3">
              <value>
                <![CDATA[APPLE iPhone 12 (White, 64 GB)]]>
              </value>
            </param>
            <param index="4">
              <value>
                <![CDATA[Ajinesh]]>
              </value>
            </param>
            <param index="5">
              <value>
                <![CDATA[9988776655]]>
              </value>
            </param>
            <param index="6">
              <value>
                <![CDATA[560049]]>
              </value>
            </param>
            <param index="7">
              <value>
                <![CDATA[KR Puram]]>
              </value>
            </param>
            <param index="8">
              <value>
                <![CDATA[202,IJ Acacia Apartments, Seegehalli]]>
              </value>
            </param>
          </params>
          <reporter-output>
          </reporter-output>
        </test-method> <!-- addProductToCheckout -->
        <test-method is-config="true" signature="Initializebrowser()[pri:0, instance:Project.E_Commerce.ProductDetails@4ae9cfc1]" started-at="2022-06-25T14:32:22 IST" name="Initializebrowser" finished-at="2022-06-25T14:32:27 IST" duration-ms="5693" status="PASS">
          <reporter-output>
          </reporter-output>
        </test-method> <!-- Initializebrowser -->
        <test-method signature="outputAllProducts(java.lang.String,java.lang.String,java.lang.String)[pri:0, instance:Project.E_Commerce.ProductDetails@4ae9cfc1]" started-at="2022-06-25T14:32:27 IST" name="outputAllProducts" finished-at="2022-06-25T14:32:32 IST" duration-ms="4613" status="PASS">
          <params>
            <param index="0">
              <value>
                <![CDATA[Mobile Phone]]>
              </value>
            </param>
            <param index="1">
              <value>
                <![CDATA[productNameWithPrice]]>
              </value>
            </param>
            <param index="2">
              <value>
                <![CDATA[.\\src\\test\\resources\\Testfolder\\Output.xlsx]]>
              </value>
            </param>
          </params>
          <reporter-output>
          </reporter-output>
        </test-method> <!-- outputAllProducts -->
      </class> <!-- Project.E_Commerce.ProductDetails -->
    </test> <!-- Project.E_Commerce -->
  </suite> <!-- Suite -->
</testng-results>
